<?xml version="1.0" encoding="UTF-8"?>
<testsuite name="com.example.softwareproject.Post_Test" tests="3" skipped="0" failures="0" errors="0" timestamp="2022-10-11T12:21:40" hostname="DESKTOP-13IN9B6" time="0.085">
  <properties/>
  <testcase name="Post_postCreation_validOutput()" classname="com.example.softwareproject.Post_Test" time="0.076"/>
  <testcase name="DateComparator_initialState_dateComparatorOutput()" classname="com.example.softwareproject.Post_Test" time="0.004"/>
  <testcase name="Post_initialState_validOutput()" classname="com.example.softwareproject.Post_Test" time="0.002"/>
  <system-out><![CDATA[]]></system-out>
  <system-err><![CDATA[]]></system-err>
</testsuite>
