<?xml version="1.0" encoding="UTF-8"?>
<testsuite name="com.example.softwareproject.Post_Test" tests="3" skipped="0" failures="0" errors="0" timestamp="2022-10-10T20:36:56" hostname="DESKTOP-13IN9B6" time="0.068">
  <properties/>
  <testcase name="Post_postCreation_validOutput()" classname="com.example.softwareproject.Post_Test" time="0.061"/>
  <testcase name="DateComparator_initialState_dateComparatorOutput()" classname="com.example.softwareproject.Post_Test" time="0.003"/>
  <testcase name="Post_initialState_validOutput()" classname="com.example.softwareproject.Post_Test" time="0.001"/>
  <system-out><![CDATA[]]></system-out>
  <system-err><![CDATA[]]></system-err>
</testsuite>
