<?xml version="1.0" encoding="UTF-8"?>
<testsuite name="com.example.softwareproject.Field_Validations_Tests" tests="1" skipped="0" failures="0" errors="0" timestamp="2022-11-15T10:00:10" hostname="DESKTOP-LKOB4CL" time="0.023">
  <properties/>
  <testcase name="validateInput_insertingUsernameAndPassword_invalidUsernamePasswordInput()" classname="com.example.softwareproject.Field_Validations_Tests" time="0.023"/>
  <system-out><![CDATA[]]></system-out>
  <system-err><![CDATA[]]></system-err>
</testsuite>
