<?xml version="1.0" encoding="UTF-8"?>
<testsuite name="com.example.softwareproject.Post_Test" tests="1" skipped="0" failures="0" errors="0" timestamp="2022-10-11T13:04:38" hostname="DESKTOP-13IN9B6" time="0.093">
  <properties/>
  <testcase name="Post_postCreation_validOutput()" classname="com.example.softwareproject.Post_Test" time="0.093"/>
  <system-out><![CDATA[]]></system-out>
  <system-err><![CDATA[]]></system-err>
</testsuite>
