<?xml version='1.0' encoding='UTF-8' ?>
<testsuite tests="0" failures="0" errors="0" skipped="0" time="1.66849603606E9" timestamp="2022-11-15T07:07:16" hostname="localhost">
  <properties>
    <property name="device" value="Redmi Note 8 - 11" />
    <property name="flavor" value="" />
    <property name="project" value=":app" />
  </properties>
  <system-err>Exception thrown during onBeforeAll invocation of plugin com.google.testing.platform.plugin.android.AndroidDevicePlugin.
Failed to install APK(s): C:\Users\melon\Documents\School Stuff\Second Semester\COMS3011A\Wits-Social\SoftwareProjects\app\build\intermediates\apk\androidTest\debug\app-debug-androidTest.apk
INSTALL_FAILED_USER_RESTRICTED: Install canceled by user
com.android.ddmlib.InstallException: INSTALL_FAILED_USER_RESTRICTED: Install canceled by user
	at com.android.ddmlib.internal.DeviceImpl.installRemotePackage(DeviceImpl.java:1315)
	at com.android.ddmlib.internal.DeviceImpl.installPackage(DeviceImpl.java:1141)
	at com.android.tools.utp.plugins.deviceprovider.ddmlib.DdmlibAndroidDevice.installPackage(DdmlibAndroidDevice.kt)
	at com.android.tools.utp.plugins.deviceprovider.ddmlib.DdmlibAndroidDeviceController$executeAsync$deferred$1.invokeSuspend(DdmlibAndroidDeviceController.kt:173)
	at kotlin.coroutines.jvm.internal.BaseContinuationImpl.resumeWith(ContinuationImpl.kt:33)
	at kotlinx.coroutines.DispatchedTask.run(DispatchedTask.kt:106)
	at kotlinx.coroutines.scheduling.CoroutineScheduler.runSafely(CoroutineScheduler.kt:571)
	at kotlinx.coroutines.scheduling.CoroutineScheduler$Worker.executeTask(CoroutineScheduler.kt:750)
	at kotlinx.coroutines.scheduling.CoroutineScheduler$Worker.runWorker(CoroutineScheduler.kt:678)
	at kotlinx.coroutines.scheduling.CoroutineScheduler$Worker.run(CoroutineScheduler.kt:665)

</system-err>
</testsuite>